# JRE version: Java(TM) SE Runtime Environment (8.0_51-b16) (build 1.8.0_51-b16)
# Java VM: Java HotSpot(TM) 64-Bit Server VM (25.51-b03 mixed mode windows-amd64 compressed oops)
Heap:
 garbage-first heap   total 851968K, used 346157K [0x0000000080000000, 0x00000000820000d0, 0x0000000100000000)
  region size 32768K, 4 young (131072K), 1 survivors (32768K)
 Metaspace       used 56386K, capacity 56893K, committed 57548K, reserved 1099776K
  class space    used 6672K, capacity 6829K, committed 6912K, reserved 1048576K
GC Heap History (10 events):
Event: 69.534 GC heap before
{Heap before GC invocations=63 (full 0):
 garbage-first heap   total 1540096K, used 786592K [0x0000000080000000, 0x0000000082000178, 0x0000000100000000)
  region size 32768K, 9 young (294912K), 2 survivors (65536K)
 Metaspace       used 46367K, capacity 46753K, committed 47436K, reserved 1091584K
  class space    used 5590K, capacity 5698K, committed 5760K, reserved 1048576K
Event: 69.578 GC heap after
Heap after GC invocations=64 (full 0):
 garbage-first heap   total 1540096K, used 516878K [0x0000000080000000, 0x0000000082000178, 0x0000000100000000)
  region size 32768K, 1 young (32768K), 1 survivors (32768K)
 Metaspace       used 46367K, capacity 46753K, committed 47436K, reserved 1091584K
  class space    used 5590K, capacity 5698K, committed 5760K, reserved 1048576K
}
Event: 72.919 GC heap before
{Heap before GC invocations=64 (full 0):
 garbage-first heap   total 1540096K, used 779022K [0x0000000080000000, 0x0000000082000178, 0x0000000100000000)
  region size 32768K, 9 young (294912K), 1 survivors (32768K)
 Metaspace       used 49801K, capacity 50191K, committed 50892K, reserved 1093632K
  class space    used 5935K, capacity 6054K, committed 6144K, reserved 1048576K
Event: 73.014 GC heap after
Heap after GC invocations=65 (full 0):
 garbage-first heap   total 1540096K, used 476800K [0x0000000080000000, 0x0000000082000178, 0x0000000100000000)
  region size 32768K, 2 young (65536K), 2 survivors (65536K)
 Metaspace       used 49801K, capacity 50191K, committed 50892K, reserved 1093632K
  class space    used 5935K, capacity 6054K, committed 6144K, reserved 1048576K
}
Event: 94.689 GC heap before
{Heap before GC invocations=65 (full 0):
 garbage-first heap   total 1540096K, used 575104K [0x0000000080000000, 0x0000000082000178, 0x0000000100000000)
  region size 32768K, 6 young (196608K), 2 survivors (65536K)
 Metaspace       used 51209K, capacity 51583K, committed 52300K, reserved 1095680K
  class space    used 6052K, capacity 6190K, committed 6272K, reserved 1048576K
Event: 95.715 GC heap after
Heap after GC invocations=66 (full 1):
 garbage-first heap   total 851968K, used 249487K [0x0000000080000000, 0x00000000820000d0, 0x0000000100000000)
  region size 32768K, 0 young (0K), 0 survivors (0K)
 Metaspace       used 51209K, capacity 51583K, committed 52300K, reserved 1095680K
  class space    used 6052K, capacity 6190K, committed 6272K, reserved 1048576K
}
Event: 97.758 GC heap before
{Heap before GC invocations=66 (full 1):
 garbage-first heap   total 851968K, used 446095K [0x0000000080000000, 0x00000000820000d0, 0x0000000100000000)
  region size 32768K, 6 young (196608K), 0 survivors (0K)
 Metaspace       used 53115K, capacity 53475K, committed 54220K, reserved 1097728K
  class space    used 6267K, capacity 6388K, committed 6400K, reserved 1048576K
Event: 97.780 GC heap after
Heap after GC invocations=67 (full 1):
 garbage-first heap   total 851968K, used 278913K [0x0000000080000000, 0x00000000820000d0, 0x0000000100000000)
  region size 32768K, 1 young (32768K), 1 survivors (32768K)
 Metaspace       used 53115K, capacity 53475K, committed 54220K, reserved 1097728K
  class space    used 6267K, capacity 6388K, committed 6400K, reserved 1048576K
}
Event: 100.448 GC heap before
{Heap before GC invocations=67 (full 1):
 garbage-first heap   total 851968K, used 409985K [0x0000000080000000, 0x00000000820000d0, 0x0000000100000000)
  region size 32768K, 5 young (163840K), 1 survivors (32768K)
 Metaspace       used 55017K, capacity 55429K, committed 56012K, reserved 1099776K
  class space    used 6518K, capacity 6653K, committed 6656K, reserved 1048576K
Event: 100.477 GC heap after
Heap after GC invocations=68 (full 1):
 garbage-first heap   total 851968K, used 280621K [0x0000000080000000, 0x00000000820000d0, 0x0000000100000000)
  region size 32768K, 1 young (32768K), 1 survivors (32768K)
 Metaspace       used 55017K, capacity 55429K, committed 56012K, reserved 1099776K
  class space    used 6518K, capacity 6653K, committed 6656K, reserved 1048576K
}

